<?xml version="1.0" encoding="UTF-8"?>
<!-- Generated by org.testng.reporters.JUnitReportReporter -->
<testsuite hostname="aziz-aouadi" failures="0" tests="6" name="test.HomePageTest" time="30.489" errors="0" timestamp="2023-11-17T14:26:37 WEST" skipped="0">
  <testcase classname="test.HomePageTest" name="FilterAToZ" time="3.843"/>
  <testcase classname="test.HomePageTest" name="FilterFromLowToHigh" time="3.765"/>
  <testcase classname="test.HomePageTest" name="UIHomePage" time="3.692"/>
  <testcase classname="test.HomePageTest" name="userLogout" time="4.291"/>
  <testcase classname="test.HomePageTest" name="FilterFromHighToLow" time="11.075"/>
  <testcase classname="test.HomePageTest" name="FilterZToA" time="3.823"/>
</testsuite> <!-- test.HomePageTest -->
