<?xml version="1.0" encoding="UTF-8"?>
<!-- Generated by org.testng.reporters.JUnitReportReporter -->
<testsuite hostname="aziz-aouadi" failures="0" tests="4" name="test.LoginTest" time="10.533" errors="0" timestamp="2023-11-16T16:00:43 WEST" skipped="0">
  <testcase classname="test.LoginTest" name="SuccesTologin" time="2.455"/>
  <testcase classname="test.LoginTest" name="FailTologin" time="3.068"/>
  <testcase classname="test.LoginTest" name="UItest" time="2.640"/>
  <testcase classname="test.LoginTest" name="EmptyFields" time="2.370"/>
</testsuite> <!-- test.LoginTest -->
