<?xml version="1.0" encoding="UTF-8"?>
<!-- Generated by org.testng.reporters.JUnitReportReporter -->
<testsuite hostname="aziz-aouadi" failures="0" tests="6" name="test.HomePageTest" time="20.501" errors="0" timestamp="2023-11-16T16:00:43 WEST" skipped="0">
  <testcase classname="test.HomePageTest" name="userLogout" time="3.385"/>
  <testcase classname="test.HomePageTest" name="FilterFromHighToLow" time="3.136"/>
  <testcase classname="test.HomePageTest" name="UIHomePage" time="4.017"/>
  <testcase classname="test.HomePageTest" name="FilterZToA" time="3.880"/>
  <testcase classname="test.HomePageTest" name="FilterAToZ" time="2.765"/>
  <testcase classname="test.HomePageTest" name="FilterFromLowToHigh" time="3.318"/>
</testsuite> <!-- test.HomePageTest -->
