<?xml version="1.0" encoding="UTF-8"?>
<!-- Generated by org.testng.reporters.JUnitReportReporter -->
<testsuite hostname="aziz-aouadi" failures="0" tests="4" name="test.LoginTest" time="11.897" errors="0" timestamp="2023-11-16T10:28:48 WEST" skipped="0">
  <testcase classname="test.LoginTest" name="UItest" time="2.109"/>
  <testcase classname="test.LoginTest" name="EmptyFields" time="3.032"/>
  <testcase classname="test.LoginTest" name="FailTologin" time="2.755"/>
  <testcase classname="test.LoginTest" name="SuccesTologin" time="4.001"/>
</testsuite> <!-- test.LoginTest -->
