<?xml version="1.0" encoding="UTF-8"?>
<!-- Generated by org.testng.reporters.JUnitReportReporter -->
<testsuite hostname="aziz-aouadi" failures="0" tests="3" name="test.FirstTest" time="25.142" errors="0" timestamp="2023-11-15T11:39:24 WEST" skipped="0">
  <testcase classname="test.FirstTest" name="UItest" time="13.501"/>
  <testcase classname="test.FirstTest" name="FailTologin" time="8.397"/>
  <testcase classname="test.FirstTest" name="SuccesTologin" time="3.244"/>
</testsuite> <!-- test.FirstTest -->
