<?xml version="1.0" encoding="UTF-8"?>
<!-- Generated by org.testng.reporters.JUnitReportReporter -->
<testsuite hostname="aziz-aouadi" failures="0" tests="4" name="test.LoginTest" time="15.105" errors="0" timestamp="2023-11-17T14:26:37 WEST" skipped="0">
  <testcase classname="test.LoginTest" name="EmptyFields" time="3.947"/>
  <testcase classname="test.LoginTest" name="SuccesTologin" time="3.498"/>
  <testcase classname="test.LoginTest" name="UItest" time="2.960"/>
  <testcase classname="test.LoginTest" name="FailTologin" time="4.700"/>
</testsuite> <!-- test.LoginTest -->
